Change Physical Footprint: Designator=C1 Old Footprint=1411 New Footprint=1411
Change Physical Footprint: Designator=C2 Old Footprint=0402 New Footprint=0402
Change Physical Footprint: Designator=C3 Old Footprint=0402 New Footprint=0402
Change Physical Footprint: Designator=C4 Old Footprint=0402 New Footprint=0402
Change Physical Footprint: Designator=C5 Old Footprint=0402 New Footprint=0402
Change Physical Footprint: Designator=C6 Old Footprint=0603 New Footprint=0603
Change Physical Footprint: Designator=C7 Old Footprint=0603 New Footprint=0603
Change Physical Footprint: Designator=C8 Old Footprint=0402 New Footprint=0402
Change Physical Footprint: Designator=C9 Old Footprint=0402 New Footprint=0402
Change Physical Footprint: Designator=C10 Old Footprint=0603 New Footprint=0603
Change Physical Footprint: Designator=C11 Old Footprint=0603 New Footprint=0603
Change Physical Footprint: Designator=C12 Old Footprint=0402 New Footprint=0402
Change Physical Footprint: Designator=C13 Old Footprint=0402 New Footprint=0402
Change Physical Footprint: Designator=C14 Old Footprint=0603 New Footprint=0603
Change Physical Footprint: Designator=C15 Old Footprint=0603 New Footprint=0603
Change Physical Footprint: Designator=J1 Old Footprint=TC2050-IDC-NL New Footprint=TC2050-IDC-NL
Change Physical Footprint: Designator=L1 Old Footprint=0805 New Footprint=0805
Change Physical Footprint: Designator=P1 Old Footprint=Battery Leads New Footprint=Battery Leads
Change Physical Footprint: Designator=P2 Old Footprint=Battery Leads New Footprint=Battery Leads
Change Physical Footprint: Designator=P3 Old Footprint=Battery Leads New Footprint=Battery Leads
Change Physical Footprint: Designator=P4 Old Footprint=Battery Leads New Footprint=Battery Leads
Change Physical Footprint: Designator=P5 Old Footprint=Battery Leads New Footprint=Battery Leads
Change Physical Footprint: Designator=P6 Old Footprint=Battery Leads New Footprint=Battery Leads
Change Physical Footprint: Designator=P7 Old Footprint=Battery Leads New Footprint=Battery Leads
Change Physical Footprint: Designator=P8 Old Footprint=Battery Leads New Footprint=Battery Leads
Change Physical Footprint: Designator=P9 Old Footprint=Battery Leads New Footprint=Battery Leads
Change Physical Footprint: Designator=R1 Old Footprint=0402 New Footprint=0402
Change Physical Footprint: Designator=R2 Old Footprint=0402 New Footprint=0402
Change Physical Footprint: Designator=R3 Old Footprint=0402 New Footprint=0402
Change Physical Footprint: Designator=R4 Old Footprint=0402 New Footprint=0402
Change Physical Footprint: Designator=R5 Old Footprint=0402 New Footprint=0402
Change Physical Footprint: Designator=R6 Old Footprint=0402 New Footprint=0402
Change Physical Footprint: Designator=R7 Old Footprint=0402 New Footprint=0402
Change Physical Footprint: Designator=R8 Old Footprint=0402 New Footprint=0402
Change Physical Footprint: Designator=S1 Old Footprint=SI1141-M01 New Footprint=SI1141-M01
Change Physical Footprint: Designator=S2 Old Footprint=SI1141-M01 New Footprint=SI1141-M01
Change Physical Footprint: Designator=S3 Old Footprint=SI1141-M01 New Footprint=SI1141-M01
Change Physical Footprint: Designator=S4 Old Footprint=SI1141-M01 New Footprint=SI1141-M01
Change Physical Footprint: Designator=S5 Old Footprint=SI1141-M01 New Footprint=SI1141-M01
Change Physical Footprint: Designator=S6 Old Footprint=SI1141-M01 New Footprint=SI1141-M01
Change Physical Footprint: Designator=T1 Old Footprint=TP 1.2x2MM New Footprint=TP 1.2x2MM
Change Physical Footprint: Designator=T2 Old Footprint=TP 1.2x2MM New Footprint=TP 1.2x2MM
Change Physical Footprint: Designator=T3 Old Footprint=TP 1.2x2MM New Footprint=TP 1.2x2MM
Change Physical Footprint: Designator=T4 Old Footprint=TP 1.2x2MM New Footprint=TP 1.2x2MM
Change Physical Footprint: Designator=T5 Old Footprint=TP 1.2x2MM New Footprint=TP 1.2x2MM
Change Physical Footprint: Designator=T6 Old Footprint=TP 1.2x2MM New Footprint=TP 1.2x2MM
Change Physical Footprint: Designator=T7 Old Footprint=TP 1.2x2MM New Footprint=TP 1.2x2MM
Change Physical Footprint: Designator=T8 Old Footprint=TP 1.2x2MM New Footprint=TP 1.2x2MM
Change Physical Footprint: Designator=T9 Old Footprint=TP 1.2x2MM New Footprint=TP 1.2x2MM
Change Physical Footprint: Designator=T10 Old Footprint=TP 1.2x2MM New Footprint=TP 1.2x2MM
Change Physical Footprint: Designator=T11 Old Footprint=TP 1.2x2MM New Footprint=TP 1.2x2MM
Change Physical Footprint: Designator=T12 Old Footprint=TP 1.2x2MM New Footprint=TP 1.2x2MM
Change Physical Footprint: Designator=T13 Old Footprint=TP 1.2x2MM New Footprint=TP 1.2x2MM
Change Physical Footprint: Designator=T14 Old Footprint=TP 1.2x2MM New Footprint=TP 1.2x2MM
Change Physical Footprint: Designator=T15 Old Footprint=TP 1.2x2MM New Footprint=TP 1.2x2MM
Change Physical Footprint: Designator=T16 Old Footprint=TP 1.2x2MM New Footprint=TP 1.2x2MM
Change Physical Footprint: Designator=T17 Old Footprint=TP 1.2x2MM New Footprint=TP 1.2x2MM
Change Physical Footprint: Designator=T18 Old Footprint=TP 1.2x2MM New Footprint=TP 1.2x2MM
Change Physical Footprint: Designator=T19 Old Footprint=TP 1.2x2MM New Footprint=TP 1.2x2MM
Change Physical Footprint: Designator=T20 Old Footprint=TP 1.2x2MM New Footprint=TP 1.2x2MM
Change Physical Footprint: Designator=T21 Old Footprint=TP 1.2x2MM New Footprint=TP 1.2x2MM
Change Physical Footprint: Designator=T22 Old Footprint=TP 1.2x2MM New Footprint=TP 1.2x2MM
Change Physical Footprint: Designator=T23 Old Footprint=TP 1.2x2MM New Footprint=TP 1.2x2MM
Change Physical Footprint: Designator=T24 Old Footprint=TP 1.2x2MM New Footprint=TP 1.2x2MM
Change Physical Footprint: Designator=T25 Old Footprint=TP 1.2x2MM New Footprint=TP 1.2x2MM
Change Physical Footprint: Designator=T26 Old Footprint=TP 1.2x2MM New Footprint=TP 1.2x2MM
Change Physical Footprint: Designator=T27 Old Footprint=TP 1.2x2MM New Footprint=TP 1.2x2MM
Change Physical Footprint: Designator=T28 Old Footprint=TP 1.2x2MM New Footprint=TP 1.2x2MM
Change Physical Footprint: Designator=T29 Old Footprint=TP 1.2x2MM New Footprint=TP 1.2x2MM
Change Physical Footprint: Designator=T30 Old Footprint=TP 1.2x2MM New Footprint=TP 1.2x2MM
Change Physical Footprint: Designator=T31 Old Footprint=TP 1.2x2MM New Footprint=TP 1.2x2MM
Change Physical Footprint: Designator=T32 Old Footprint=TP 1.2x2MM New Footprint=TP 1.2x2MM
Change Physical Footprint: Designator=T33 Old Footprint=TP 1.2x2MM New Footprint=TP 1.2x2MM
Change Physical Footprint: Designator=U1 Old Footprint=6-UFDFN New Footprint=6-UFDFN
Change Physical Footprint: Designator=U2 Old Footprint=VSSOP8 New Footprint=VSSOP8
Change Physical Footprint: Designator=U3 Old Footprint=BLE113-A New Footprint=BLE113-A
Change Physical Footprint: Designator=U4 Old Footprint=VSSOP8 New Footprint=VSSOP8
Change Physical Footprint: Designator=U5 Old Footprint=VSSOP8 New Footprint=VSSOP8
