Removed Pin From Net: NetName=+2V1 Pin=P3-1
Removed Pin From Net: NetName=GND Pin=P3-2
Removed Pin From Net: NetName=+2V1 Pin=P4-1
Removed Pin From Net: NetName=GND Pin=P4-2
Removed Pin From Net: NetName=+2V1 Pin=P5-1
Removed Pin From Net: NetName=GND Pin=P5-2
Removed Pin From Net: NetName=+2V1 Pin=P6-1
Removed Pin From Net: NetName=GND Pin=P6-2
Removed Pin From Net: NetName=+2V1 Pin=P7-1
Removed Pin From Net: NetName=GND Pin=P7-2
Removed Pin From Net: NetName=+2V1 Pin=P8-1
Removed Pin From Net: NetName=GND Pin=P8-2
Removed Pin From Net: NetName=+2V1 Pin=P9-1
Removed Pin From Net: NetName=GND Pin=P9-2
Removed Member From Class: ClassName=Pallette v0.5 Member=P3
Removed Member From Class: ClassName=Pallette v0.5 Member=P4
Removed Member From Class: ClassName=Pallette v0.5 Member=P5
Removed Member From Class: ClassName=Pallette v0.5 Member=P6
Removed Member From Class: ClassName=Pallette v0.5 Member=P7
Removed Member From Class: ClassName=Pallette v0.5 Member=P8
Removed Member From Class: ClassName=Pallette v0.5 Member=P9
Added Component: Designator=T34(TP 3X1.5MM)
Added Component: Designator=T35(TP 3X1.5MM)
Added Component: Designator=T36(TP 3X1.5MM)
Added Component: Designator=T37(TP 3X1.5MM)
Added Component: Designator=T38(TP 3X1.5MM)
Added Component: Designator=T39(TP 3X1.5MM)
Added Component: Designator=T40(TP 3X1.5MM)
Added Component: Designator=T41(TP 3X1.5MM)
Added Pin To Net: NetName=+2V1 Pin=T34-1
Added Pin To Net: NetName=+2V1 Pin=T35-1
Added Pin To Net: NetName=+2V1 Pin=T36-1
Added Pin To Net: NetName=+2V1 Pin=T37-1
Added Pin To Net: NetName=GND Pin=T38-1
Added Pin To Net: NetName=GND Pin=T39-1
Added Pin To Net: NetName=GND Pin=T40-1
Added Pin To Net: NetName=GND Pin=T41-1
Added Member To Class: ClassName=Pallette v0.5 Member=Component T34 TP 3X1.5MM
Added Member To Class: ClassName=Pallette v0.5 Member=Component T35 TP 3X1.5MM
Added Member To Class: ClassName=Pallette v0.5 Member=Component T36 TP 3X1.5MM
Added Member To Class: ClassName=Pallette v0.5 Member=Component T37 TP 3X1.5MM
Added Member To Class: ClassName=Pallette v0.5 Member=Component T38 TP 3X1.5MM
Added Member To Class: ClassName=Pallette v0.5 Member=Component T39 TP 3X1.5MM
Added Member To Class: ClassName=Pallette v0.5 Member=Component T40 TP 3X1.5MM
Added Member To Class: ClassName=Pallette v0.5 Member=Component T41 TP 3X1.5MM
Added Room: Name=Pallette v0.5
