Added Pin To Net: NetName=P1_7/DCDC Pin=T1-1
Added Pin To Net: NetName=SCL Pin=T2-1
Added Pin To Net: NetName=S1_EN Pin=T3-1
Added Pin To Net: NetName=S2_EN Pin=T4-1
Added Pin To Net: NetName=SDA Pin=T5-1
Added Pin To Net: NetName=SCL Pin=T6-1
Added Pin To Net: NetName=SCL Pin=T7-1
Added Pin To Net: NetName=FSR1 Pin=T8-1
Added Pin To Net: NetName=SDA Pin=T9-1
Added Pin To Net: NetName=S3_EN Pin=T10-1
Added Pin To Net: NetName=FSR2 Pin=T11-1
Added Pin To Net: NetName=FSR3 Pin=T12-1
Added Pin To Net: NetName=FSR4 Pin=T13-1
Added Pin To Net: NetName=S4_EN Pin=T14-1
Added Pin To Net: NetName=SDA Pin=T15-1
Added Pin To Net: NetName=FSR5 Pin=T16-1
Added Pin To Net: NetName=FSR6 Pin=T17-1
Added Pin To Net: NetName=S1_EN Pin=T18-1
Added Pin To Net: NetName=S2_EN Pin=T19-1
Added Pin To Net: NetName=S3_EN Pin=T20-1
Added Pin To Net: NetName=S4_EN Pin=T21-1
Added Pin To Net: NetName=NetT22 Pin=T22-1
Added Pin To Net: NetName=S5_EN Pin=T23-1
Added Pin To Net: NetName=S6_EN Pin=T24-1
Added Pin To Net: NetName=SCL Pin=T25-1
Added Pin To Net: NetName=S5_EN Pin=T26-1
Added Pin To Net: NetName=S6_EN Pin=T27-1
Added Pin To Net: NetName=SDA Pin=T28-1
Added Pin To Net: NetName=SCL Pin=T29-1
Added Pin To Net: NetName=SDA Pin=T30-1
Added Pin To Net: NetName=SCL Pin=T31-1
Added Pin To Net: NetName=SDA Pin=T32-1
Change Net Name : Old Net Name=NetT22 New Net Name=NetT22_1
