Replace Part C1 Cap Pol 100uF in C:\Users\Sprout\Documents\Pallette\Pallette-Hardware\Pallette FR4\Pallette v0.5.SchDoc with Cap Pol 100uF from Schlib.SchLib
Replace Part C2 Cap 2.2uF in C:\Users\Sprout\Documents\Pallette\Pallette-Hardware\Pallette FR4\Pallette v0.5.SchDoc with Cap 2.2uF from Schlib.SchLib
Replace Part C3 Cap 2.2uF in C:\Users\Sprout\Documents\Pallette\Pallette-Hardware\Pallette FR4\Pallette v0.5.SchDoc with Cap 2.2uF from Schlib.SchLib
Replace Part C4 Cap 100nF in C:\Users\Sprout\Documents\Pallette\Pallette-Hardware\Pallette FR4\Pallette v0.5.SchDoc with Cap 100nF from Schlib.SchLib
Replace Part C5 Cap 100nF in C:\Users\Sprout\Documents\Pallette\Pallette-Hardware\Pallette FR4\Pallette v0.5.SchDoc with Cap 100nF from Schlib.SchLib
Replace Part C6 Cap 22uF in C:\Users\Sprout\Documents\Pallette\Pallette-Hardware\Pallette FR4\Pallette v0.5.SchDoc with Cap 22uF from Schlib.SchLib
Replace Part C7 Cap 22uF in C:\Users\Sprout\Documents\Pallette\Pallette-Hardware\Pallette FR4\Pallette v0.5.SchDoc with Cap 22uF from Schlib.SchLib
Replace Part C8 Cap 100nF in C:\Users\Sprout\Documents\Pallette\Pallette-Hardware\Pallette FR4\Pallette v0.5.SchDoc with Cap 100nF from Schlib.SchLib
Replace Part C9 Cap 100nF in C:\Users\Sprout\Documents\Pallette\Pallette-Hardware\Pallette FR4\Pallette v0.5.SchDoc with Cap 100nF from Schlib.SchLib
Replace Part C10 Cap 22uF in C:\Users\Sprout\Documents\Pallette\Pallette-Hardware\Pallette FR4\Pallette v0.5.SchDoc with Cap 22uF from Schlib.SchLib
Replace Part C11 Cap 22uF in C:\Users\Sprout\Documents\Pallette\Pallette-Hardware\Pallette FR4\Pallette v0.5.SchDoc with Cap 22uF from Schlib.SchLib
Replace Part C12 Cap 100nF in C:\Users\Sprout\Documents\Pallette\Pallette-Hardware\Pallette FR4\Pallette v0.5.SchDoc with Cap 100nF from Schlib.SchLib
Replace Part C13 Cap 100nF in C:\Users\Sprout\Documents\Pallette\Pallette-Hardware\Pallette FR4\Pallette v0.5.SchDoc with Cap 100nF from Schlib.SchLib
Replace Part C14 Cap 22uF in C:\Users\Sprout\Documents\Pallette\Pallette-Hardware\Pallette FR4\Pallette v0.5.SchDoc with Cap 22uF from Schlib.SchLib
Replace Part C15 Cap 22uF in C:\Users\Sprout\Documents\Pallette\Pallette-Hardware\Pallette FR4\Pallette v0.5.SchDoc with Cap 22uF from Schlib.SchLib
Replace Part J1 Header Program in C:\Users\Sprout\Documents\Pallette\Pallette-Hardware\Pallette FR4\Pallette v0.5.SchDoc with Header Program from Schlib.SchLib
Replace Part L1 Ind 2.2uH in C:\Users\Sprout\Documents\Pallette\Pallette-Hardware\Pallette FR4\Pallette v0.5.SchDoc with Ind 2.2uH from Schlib.SchLib
Replace Part P1 Header Battery in C:\Users\Sprout\Documents\Pallette\Pallette-Hardware\Pallette FR4\Pallette v0.5.SchDoc with Header Battery from Schlib.SchLib
Replace Part P2 Header Battery in C:\Users\Sprout\Documents\Pallette\Pallette-Hardware\Pallette FR4\Pallette v0.5.SchDoc with Header Battery from Schlib.SchLib
Replace Part P3 Header Battery in C:\Users\Sprout\Documents\Pallette\Pallette-Hardware\Pallette FR4\Pallette v0.5.SchDoc with Header Battery from Schlib.SchLib
Replace Part P4 Header Battery in C:\Users\Sprout\Documents\Pallette\Pallette-Hardware\Pallette FR4\Pallette v0.5.SchDoc with Header Battery from Schlib.SchLib
Replace Part P5 Header Battery in C:\Users\Sprout\Documents\Pallette\Pallette-Hardware\Pallette FR4\Pallette v0.5.SchDoc with Header Battery from Schlib.SchLib
Replace Part P6 Header Battery in C:\Users\Sprout\Documents\Pallette\Pallette-Hardware\Pallette FR4\Pallette v0.5.SchDoc with Header Battery from Schlib.SchLib
Replace Part P7 Header Battery in C:\Users\Sprout\Documents\Pallette\Pallette-Hardware\Pallette FR4\Pallette v0.5.SchDoc with Header Battery from Schlib.SchLib
Replace Part P8 Header Battery in C:\Users\Sprout\Documents\Pallette\Pallette-Hardware\Pallette FR4\Pallette v0.5.SchDoc with Header Battery from Schlib.SchLib
Replace Part P9 Header Battery in C:\Users\Sprout\Documents\Pallette\Pallette-Hardware\Pallette FR4\Pallette v0.5.SchDoc with Header Battery from Schlib.SchLib
Replace Part R1 Res 30R in C:\Users\Sprout\Documents\Pallette\Pallette-Hardware\Pallette FR4\Pallette v0.5.SchDoc with Res 30R from Schlib.SchLib
Replace Part R2 Res 30R in C:\Users\Sprout\Documents\Pallette\Pallette-Hardware\Pallette FR4\Pallette v0.5.SchDoc with Res 30R from Schlib.SchLib
Replace Part R3 Res 4.7K in C:\Users\Sprout\Documents\Pallette\Pallette-Hardware\Pallette FR4\Pallette v0.5.SchDoc with Res 4.7K from Schlib.SchLib
Replace Part R4 Res 4.7K in C:\Users\Sprout\Documents\Pallette\Pallette-Hardware\Pallette FR4\Pallette v0.5.SchDoc with Res 4.7K from Schlib.SchLib
Replace Part R5 Res 30R in C:\Users\Sprout\Documents\Pallette\Pallette-Hardware\Pallette FR4\Pallette v0.5.SchDoc with Res 30R from Schlib.SchLib
Replace Part R6 Res 30R in C:\Users\Sprout\Documents\Pallette\Pallette-Hardware\Pallette FR4\Pallette v0.5.SchDoc with Res 30R from Schlib.SchLib
Replace Part R7 Res 30R in C:\Users\Sprout\Documents\Pallette\Pallette-Hardware\Pallette FR4\Pallette v0.5.SchDoc with Res 30R from Schlib.SchLib
Replace Part R8 Res 30R in C:\Users\Sprout\Documents\Pallette\Pallette-Hardware\Pallette FR4\Pallette v0.5.SchDoc with Res 30R from Schlib.SchLib
Replace Part S1 Si1141-M01 in C:\Users\Sprout\Documents\Pallette\Pallette-Hardware\Pallette FR4\Pallette v0.5.SchDoc with Si1141-M01 from Schlib.SchLib
Replace Part S2 Si1141-M01 in C:\Users\Sprout\Documents\Pallette\Pallette-Hardware\Pallette FR4\Pallette v0.5.SchDoc with Si1141-M01 from Schlib.SchLib
Replace Part S3 Si1141-M01 in C:\Users\Sprout\Documents\Pallette\Pallette-Hardware\Pallette FR4\Pallette v0.5.SchDoc with Si1141-M01 from Schlib.SchLib
Replace Part S4 Si1141-M01 in C:\Users\Sprout\Documents\Pallette\Pallette-Hardware\Pallette FR4\Pallette v0.5.SchDoc with Si1141-M01 from Schlib.SchLib
Replace Part S5 Si1141-M01 in C:\Users\Sprout\Documents\Pallette\Pallette-Hardware\Pallette FR4\Pallette v0.5.SchDoc with Si1141-M01 from Schlib.SchLib
Replace Part S6 Si1141-M01 in C:\Users\Sprout\Documents\Pallette\Pallette-Hardware\Pallette FR4\Pallette v0.5.SchDoc with Si1141-M01 from Schlib.SchLib
Replace Part U1 TPS62730 in C:\Users\Sprout\Documents\Pallette\Pallette-Hardware\Pallette FR4\Pallette v0.5.SchDoc with TPS62730 from Schlib.SchLib
Replace Part U2 74LVC2G125 in C:\Users\Sprout\Documents\Pallette\Pallette-Hardware\Pallette FR4\Pallette v0.5.SchDoc with 74LVC2G125 from Schlib.SchLib
Replace Part U3 BLE113 in C:\Users\Sprout\Documents\Pallette\Pallette-Hardware\Pallette FR4\Pallette v0.5.SchDoc with BLE113 from Schlib.SchLib
Replace Part U4 74LVC2G125 in C:\Users\Sprout\Documents\Pallette\Pallette-Hardware\Pallette FR4\Pallette v0.5.SchDoc with 74LVC2G125 from Schlib.SchLib
Replace Part U5 74LVC2G125 in C:\Users\Sprout\Documents\Pallette\Pallette-Hardware\Pallette FR4\Pallette v0.5.SchDoc with 74LVC2G125 from Schlib.SchLib
