Added Component: Designator=P2(Battery Leads)
Added Component: Designator=P3(Battery Leads)
Added Component: Designator=P4(Battery Leads)
Added Component: Designator=P5(Battery Leads)
Added Component: Designator=P6(Battery Leads)
Added Component: Designator=P7(Battery Leads)
Added Component: Designator=P8(Battery Leads)
Added Component: Designator=P9(Battery Leads)
Added Component: Designator=T9(TP 1.5MM)
Added Component: Designator=T10(TP 1.5MM)
Added Component: Designator=T11(TP 1.5MM)
Added Component: Designator=T12(TP 1.5MM)
Added Component: Designator=T13(TP 1.5MM)
Added Component: Designator=T14(TP 1.5MM)
Added Component: Designator=T15(TP 1.5MM)
Added Component: Designator=T16(TP 1.5MM)
Added Component: Designator=T17(TP 1.5MM)
Added Component: Designator=T18(TP 1.5MM)
Added Component: Designator=T19(TP 1.5MM)
Added Component: Designator=T20(TP 1.5MM)
Added Component: Designator=T21(TP 1.5MM)
Added Component: Designator=T22(TP 1.5MM)
Added Component: Designator=T23(TP 1.5MM)
Added Component: Designator=T24(TP 1.5MM)
Added Component: Designator=T25(TP 1.5MM)
Added Component: Designator=T26(TP 1.5MM)
Added Component: Designator=T27(TP 1.5MM)
Added Component: Designator=T28(TP 1.5MM)
Added Pin To Net: NetName=+2V1 Pin=P2-1
Added Pin To Net: NetName=GND Pin=P2-2
Added Pin To Net: NetName=+2V1 Pin=P3-1
Added Pin To Net: NetName=GND Pin=P3-2
Added Pin To Net: NetName=+2V1 Pin=P4-1
Added Pin To Net: NetName=GND Pin=P4-2
Added Pin To Net: NetName=+2V1 Pin=P5-1
Added Pin To Net: NetName=GND Pin=P5-2
Added Pin To Net: NetName=+2V1 Pin=P6-1
Added Pin To Net: NetName=GND Pin=P6-2
Added Pin To Net: NetName=+2V1 Pin=P7-1
Added Pin To Net: NetName=GND Pin=P7-2
Added Pin To Net: NetName=+2V1 Pin=P8-1
Added Pin To Net: NetName=GND Pin=P8-2
Added Pin To Net: NetName=+2V1 Pin=P9-1
Added Pin To Net: NetName=GND Pin=P9-2
Change Net Name : Old Net Name=NetT1 New Net Name=NetT22
Added Member To Class: ClassName=Pallette v0.5 Member=Component P2 Header Battery
Added Member To Class: ClassName=Pallette v0.5 Member=Component P3 Header Battery
Added Member To Class: ClassName=Pallette v0.5 Member=Component P4 Header Battery
Added Member To Class: ClassName=Pallette v0.5 Member=Component P5 Header Battery
Added Member To Class: ClassName=Pallette v0.5 Member=Component P6 Header Battery
Added Member To Class: ClassName=Pallette v0.5 Member=Component P7 Header Battery
Added Member To Class: ClassName=Pallette v0.5 Member=Component P8 Header Battery
Added Member To Class: ClassName=Pallette v0.5 Member=Component P9 Header Battery
Added Member To Class: ClassName=Pallette v0.5 Member=Component T2 TP
Added Member To Class: ClassName=Pallette v0.5 Member=Component T3 TP
Added Member To Class: ClassName=Pallette v0.5 Member=Component T4 TP
Added Member To Class: ClassName=Pallette v0.5 Member=Component T5 TP
Added Member To Class: ClassName=Pallette v0.5 Member=Component T6 TP
Added Member To Class: ClassName=Pallette v0.5 Member=Component T7 TP
Added Member To Class: ClassName=Pallette v0.5 Member=Component T8 TP
Added Member To Class: ClassName=Pallette v0.5 Member=Component T9 TP
Added Member To Class: ClassName=Pallette v0.5 Member=Component T10 TP
Added Member To Class: ClassName=Pallette v0.5 Member=Component T11 TP
Added Member To Class: ClassName=Pallette v0.5 Member=Component T12 TP
Added Member To Class: ClassName=Pallette v0.5 Member=Component T13 TP
Added Member To Class: ClassName=Pallette v0.5 Member=Component T14 TP
Added Member To Class: ClassName=Pallette v0.5 Member=Component T15 TP
Added Member To Class: ClassName=Pallette v0.5 Member=Component T16 TP
Added Member To Class: ClassName=Pallette v0.5 Member=Component T17 TP
Added Member To Class: ClassName=Pallette v0.5 Member=Component T18 TP
Added Member To Class: ClassName=Pallette v0.5 Member=Component T19 TP
Added Member To Class: ClassName=Pallette v0.5 Member=Component T20 TP
Added Member To Class: ClassName=Pallette v0.5 Member=Component T21 TP
Added Member To Class: ClassName=Pallette v0.5 Member=Component T22 TP
Added Member To Class: ClassName=Pallette v0.5 Member=Component T23 TP
Added Member To Class: ClassName=Pallette v0.5 Member=Component T24 TP
Added Member To Class: ClassName=Pallette v0.5 Member=Component T25 TP
Added Member To Class: ClassName=Pallette v0.5 Member=Component T26 TP
Added Member To Class: ClassName=Pallette v0.5 Member=Component T27 TP
Added Member To Class: ClassName=Pallette v0.5 Member=Component T28 TP
Added Room: Name=Pallette v0.5
