Added Component: Designator=P1(Battery Leads)
Added Component: Designator=P2(Battery Leads)
Added Component: Designator=P3(Battery Leads)
Added Component: Designator=P4(Battery Leads)
Added Component: Designator=P5(Battery Leads)
Added Component: Designator=P6(Battery Leads)
Added Component: Designator=P7(Battery Leads)
Added Component: Designator=P8(Battery Leads)
Added Component: Designator=P9(Battery Leads)
Added Pin To Net: NetName=VBAT Pin=P1-1
Added Pin To Net: NetName=GND Pin=P1-2
Added Pin To Net: NetName=+2V1 Pin=P2-1
Added Pin To Net: NetName=GND Pin=P2-2
Added Pin To Net: NetName=+2V1 Pin=P3-1
Added Pin To Net: NetName=GND Pin=P3-2
Added Pin To Net: NetName=+2V1 Pin=P4-1
Added Pin To Net: NetName=GND Pin=P4-2
Added Pin To Net: NetName=+2V1 Pin=P5-1
Added Pin To Net: NetName=GND Pin=P5-2
Added Pin To Net: NetName=+2V1 Pin=P6-1
Added Pin To Net: NetName=GND Pin=P6-2
Added Pin To Net: NetName=+2V1 Pin=P7-1
Added Pin To Net: NetName=GND Pin=P7-2
Added Pin To Net: NetName=+2V1 Pin=P8-1
Added Pin To Net: NetName=GND Pin=P8-2
Added Pin To Net: NetName=+2V1 Pin=P9-1
Added Pin To Net: NetName=GND Pin=P9-2
Added Member To Class: ClassName=Pallette v0.5 Member=Component P1 Header Battery
Added Member To Class: ClassName=Pallette v0.5 Member=Component P2 Header Battery
Added Member To Class: ClassName=Pallette v0.5 Member=Component P3 Header Battery
Added Member To Class: ClassName=Pallette v0.5 Member=Component P4 Header Battery
Added Member To Class: ClassName=Pallette v0.5 Member=Component P5 Header Battery
Added Member To Class: ClassName=Pallette v0.5 Member=Component P6 Header Battery
Added Member To Class: ClassName=Pallette v0.5 Member=Component P7 Header Battery
Added Member To Class: ClassName=Pallette v0.5 Member=Component P8 Header Battery
Added Member To Class: ClassName=Pallette v0.5 Member=Component P9 Header Battery
Added Room: Name=Pallette v0.5
